# JRE version: OpenJDK Runtime Environment (21.0.6) (build 21.0.6+-13355223-b631.42)
# Java VM: OpenJDK 64-Bit Server VM (21.0.6+-13355223-b631.42, mixed mode, tiered, compressed oops, compressed class ptrs, g1 gc, windows-amd64)
GC Precious Log:
 CardTable entry size: 512
 Card Set container configuration: InlinePtr #cards 5 size 8 Array Of Cards #cards 12 size 40 Howl #buckets 4 coarsen threshold 1843 Howl Bitmap #cards 512 size 80 coarsen threshold 460 Card regions per heap region 1 cards per card region 2048
 CPUs: 8 total, 8 available
 Memory: 7991M
 Large Page Support: Disabled
 NUMA Support: Disabled
 Compressed Oops: Enabled (32-bit)
 Heap Region Size: 1M
 Heap Min Capacity: 8M
 Heap Initial Capacity: 126M
 Heap Max Capacity: 2G
 Pre-touch: Disabled
 Parallel Workers: 8
 Concurrent Workers: 2
 Concurrent Refinement Workers: 8
 Periodic GC: Disabled
Heap:
 garbage-first heap   total 294912K, used 209666K [0x0000000080000000, 0x0000000100000000)
  region size 1024K, 40 young (40960K), 10 survivors (10240K)
 Metaspace       used 149136K, committed 151552K, reserved 1179648K
  class space    used 19882K, committed 21120K, reserved 1048576K
GC Heap History (20 events):
Event: 436.152 GC heap before
{Heap before GC invocations=62 (full 0):
 garbage-first heap   total 237568K, used 221292K [0x0000000080000000, 0x0000000100000000)
  region size 1024K, 74 young (75776K), 7 survivors (7168K)
 Metaspace       used 144994K, committed 147392K, reserved 1179648K
  class space    used 19584K, committed 20800K, reserved 1048576K
}
Event: 436.176 GC heap after
{Heap after GC invocations=63 (full 0):
 garbage-first heap   total 254976K, used 167196K [0x0000000080000000, 0x0000000100000000)
  region size 1024K, 10 young (10240K), 10 survivors (10240K)
 Metaspace       used 144994K, committed 147392K, reserved 1179648K
  class space    used 19584K, committed 20800K, reserved 1048576K
}
Event: 436.641 GC heap before
{Heap before GC invocations=63 (full 0):
 garbage-first heap   total 254976K, used 191772K [0x0000000080000000, 0x0000000100000000)
  region size 1024K, 35 young (35840K), 10 survivors (10240K)
 Metaspace       used 145154K, committed 147648K, reserved 1179648K
  class space    used 19590K, committed 20864K, reserved 1048576K
}
Event: 436.653 GC heap after
{Heap after GC invocations=64 (full 0):
 garbage-first heap   total 254976K, used 176874K [0x0000000080000000, 0x0000000100000000)
  region size 1024K, 8 young (8192K), 8 survivors (8192K)
 Metaspace       used 145154K, committed 147648K, reserved 1179648K
  class space    used 19590K, committed 20864K, reserved 1048576K
}
Event: 438.462 GC heap before
{Heap before GC invocations=65 (full 0):
 garbage-first heap   total 276480K, used 227050K [0x0000000080000000, 0x0000000100000000)
  region size 1024K, 50 young (51200K), 8 survivors (8192K)
 Metaspace       used 145282K, committed 147712K, reserved 1179648K
  class space    used 19595K, committed 20864K, reserved 1048576K
}
Event: 438.472 GC heap after
{Heap after GC invocations=66 (full 0):
 garbage-first heap   total 276480K, used 165647K [0x0000000080000000, 0x0000000100000000)
  region size 1024K, 5 young (5120K), 5 survivors (5120K)
 Metaspace       used 145282K, committed 147712K, reserved 1179648K
  class space    used 19595K, committed 20864K, reserved 1048576K
}
Event: 439.248 GC heap before
{Heap before GC invocations=66 (full 0):
 garbage-first heap   total 276480K, used 231183K [0x0000000080000000, 0x0000000100000000)
  region size 1024K, 70 young (71680K), 5 survivors (5120K)
 Metaspace       used 147413K, committed 149824K, reserved 1179648K
  class space    used 19775K, committed 20992K, reserved 1048576K
}
Event: 439.272 GC heap after
{Heap after GC invocations=67 (full 0):
 garbage-first heap   total 276480K, used 161792K [0x0000000080000000, 0x0000000100000000)
  region size 1024K, 9 young (9216K), 9 survivors (9216K)
 Metaspace       used 147413K, committed 149824K, reserved 1179648K
  class space    used 19775K, committed 20992K, reserved 1048576K
}
Event: 440.062 GC heap before
{Heap before GC invocations=67 (full 0):
 garbage-first heap   total 276480K, used 232448K [0x0000000080000000, 0x0000000100000000)
  region size 1024K, 79 young (80896K), 9 survivors (9216K)
 Metaspace       used 148072K, committed 150528K, reserved 1179648K
  class space    used 19817K, committed 21056K, reserved 1048576K
}
Event: 440.073 GC heap after
{Heap after GC invocations=68 (full 0):
 garbage-first heap   total 276480K, used 166009K [0x0000000080000000, 0x0000000100000000)
  region size 1024K, 6 young (6144K), 6 survivors (6144K)
 Metaspace       used 148072K, committed 150528K, reserved 1179648K
  class space    used 19817K, committed 21056K, reserved 1048576K
}
Event: 442.581 GC heap before
{Heap before GC invocations=69 (full 0):
 garbage-first heap   total 276480K, used 237689K [0x0000000080000000, 0x0000000100000000)
  region size 1024K, 77 young (78848K), 6 survivors (6144K)
 Metaspace       used 148674K, committed 151168K, reserved 1179648K
  class space    used 19877K, committed 21120K, reserved 1048576K
}
Event: 442.588 GC heap after
{Heap after GC invocations=70 (full 0):
 garbage-first heap   total 276480K, used 166715K [0x0000000080000000, 0x0000000100000000)
  region size 1024K, 6 young (6144K), 6 survivors (6144K)
 Metaspace       used 148674K, committed 151168K, reserved 1179648K
  class space    used 19877K, committed 21120K, reserved 1048576K
}
Event: 445.706 GC heap before
{Heap before GC invocations=70 (full 0):
 garbage-first heap   total 276480K, used 243515K [0x0000000080000000, 0x0000000100000000)
  region size 1024K, 82 young (83968K), 6 survivors (6144K)
 Metaspace       used 148890K, committed 151296K, reserved 1179648K
  class space    used 19880K, committed 21120K, reserved 1048576K
}
Event: 445.730 GC heap after
{Heap after GC invocations=71 (full 0):
 garbage-first heap   total 276480K, used 166832K [0x0000000080000000, 0x0000000100000000)
  region size 1024K, 11 young (11264K), 11 survivors (11264K)
 Metaspace       used 148890K, committed 151296K, reserved 1179648K
  class space    used 19880K, committed 21120K, reserved 1048576K
}
Event: 446.239 GC heap before
{Heap before GC invocations=71 (full 0):
 garbage-first heap   total 276480K, used 189360K [0x0000000080000000, 0x0000000100000000)
  region size 1024K, 35 young (35840K), 11 survivors (11264K)
 Metaspace       used 148916K, committed 151360K, reserved 1179648K
  class space    used 19880K, committed 21120K, reserved 1048576K
}
Event: 446.253 GC heap after
{Heap after GC invocations=72 (full 0):
 garbage-first heap   total 276480K, used 176547K [0x0000000080000000, 0x0000000100000000)
  region size 1024K, 9 young (9216K), 9 survivors (9216K)
 Metaspace       used 148916K, committed 151360K, reserved 1179648K
  class space    used 19880K, committed 21120K, reserved 1048576K
}
Event: 447.844 GC heap before
{Heap before GC invocations=73 (full 0):
 garbage-first heap   total 290816K, used 247203K [0x0000000080000000, 0x0000000100000000)
  region size 1024K, 75 young (76800K), 9 survivors (9216K)
 Metaspace       used 148958K, committed 151424K, reserved 1179648K
  class space    used 19880K, committed 21120K, reserved 1048576K
}
Event: 447.865 GC heap after
{Heap after GC invocations=74 (full 0):
 garbage-first heap   total 290816K, used 186368K [0x0000000080000000, 0x0000000100000000)
  region size 1024K, 10 young (10240K), 10 survivors (10240K)
 Metaspace       used 148958K, committed 151424K, reserved 1179648K
  class space    used 19880K, committed 21120K, reserved 1048576K
}
Event: 448.365 GC heap before
{Heap before GC invocations=74 (full 0):
 garbage-first heap   total 290816K, used 266240K [0x0000000080000000, 0x0000000100000000)
  region size 1024K, 73 young (74752K), 10 survivors (10240K)
 Metaspace       used 149094K, committed 151552K, reserved 1179648K
  class space    used 19881K, committed 21120K, reserved 1048576K
}
Event: 448.387 GC heap after
{Heap after GC invocations=75 (full 0):
 garbage-first heap   total 294912K, used 179970K [0x0000000080000000, 0x0000000100000000)
  region size 1024K, 10 young (10240K), 10 survivors (10240K)
 Metaspace       used 149094K, committed 151552K, reserved 1179648K
  class space    used 19881K, committed 21120K, reserved 1048576K
}

